2022-08-22 10:30:15,415 - root - INFO - starting summarizer:
Model:facebook/bart-large-cnn
Tokenizer:facebook/bart-large-cnn
2022-08-22 10:30:15,418 - urllib3.connectionpool - DEBUG - Starting new HTTPS connection (1): huggingface.co:443
2022-08-22 10:30:16,350 - urllib3.connectionpool - DEBUG - https://huggingface.co:443 "HEAD /facebook/bart-large-cnn/resolve/main/config.json HTTP/1.1" 200 0
2022-08-22 10:30:16,381 - urllib3.connectionpool - DEBUG - Starting new HTTPS connection (1): huggingface.co:443
2022-08-22 10:30:17,319 - urllib3.connectionpool - DEBUG - https://huggingface.co:443 "HEAD /facebook/bart-large-cnn/resolve/main/config.json HTTP/1.1" 200 0
2022-08-22 10:30:17,336 - urllib3.connectionpool - DEBUG - Starting new HTTPS connection (1): huggingface.co:443
2022-08-22 10:30:18,286 - urllib3.connectionpool - DEBUG - https://huggingface.co:443 "HEAD /facebook/bart-large-cnn/resolve/main/pytorch_model.bin HTTP/1.1" 302 0
2022-08-22 10:30:21,319 - urllib3.connectionpool - DEBUG - Starting new HTTPS connection (1): huggingface.co:443
2022-08-22 10:30:22,341 - urllib3.connectionpool - DEBUG - https://huggingface.co:443 "HEAD /facebook/bart-large-cnn/resolve/main/tokenizer_config.json HTTP/1.1" 404 0
2022-08-22 10:30:22,344 - urllib3.connectionpool - DEBUG - Starting new HTTPS connection (1): huggingface.co:443
2022-08-22 10:30:23,261 - urllib3.connectionpool - DEBUG - https://huggingface.co:443 "HEAD /facebook/bart-large-cnn/resolve/main/config.json HTTP/1.1" 200 0
2022-08-22 10:30:23,369 - urllib3.connectionpool - DEBUG - Starting new HTTPS connection (1): huggingface.co:443
2022-08-22 10:30:24,303 - urllib3.connectionpool - DEBUG - https://huggingface.co:443 "HEAD /facebook/bart-large-cnn/resolve/main/tokenizer_config.json HTTP/1.1" 404 0
2022-08-22 10:30:24,306 - urllib3.connectionpool - DEBUG - Starting new HTTPS connection (1): huggingface.co:443
2022-08-22 10:30:25,258 - urllib3.connectionpool - DEBUG - https://huggingface.co:443 "HEAD /facebook/bart-large-cnn/resolve/main/vocab.json HTTP/1.1" 200 0
2022-08-22 10:30:25,260 - urllib3.connectionpool - DEBUG - Starting new HTTPS connection (1): huggingface.co:443
2022-08-22 10:30:26,190 - urllib3.connectionpool - DEBUG - https://huggingface.co:443 "HEAD /facebook/bart-large-cnn/resolve/main/merges.txt HTTP/1.1" 200 0
2022-08-22 10:30:26,193 - urllib3.connectionpool - DEBUG - Starting new HTTPS connection (1): huggingface.co:443
2022-08-22 10:30:27,118 - urllib3.connectionpool - DEBUG - https://huggingface.co:443 "HEAD /facebook/bart-large-cnn/resolve/main/tokenizer.json HTTP/1.1" 200 0
2022-08-22 10:30:27,121 - urllib3.connectionpool - DEBUG - Starting new HTTPS connection (1): huggingface.co:443
2022-08-22 10:30:28,039 - urllib3.connectionpool - DEBUG - https://huggingface.co:443 "HEAD /facebook/bart-large-cnn/resolve/main/added_tokens.json HTTP/1.1" 404 0
2022-08-22 10:30:28,041 - urllib3.connectionpool - DEBUG - Starting new HTTPS connection (1): huggingface.co:443
2022-08-22 10:30:28,941 - urllib3.connectionpool - DEBUG - https://huggingface.co:443 "HEAD /facebook/bart-large-cnn/resolve/main/special_tokens_map.json HTTP/1.1" 404 0
2022-08-22 10:30:28,944 - urllib3.connectionpool - DEBUG - Starting new HTTPS connection (1): huggingface.co:443
2022-08-22 10:30:29,895 - urllib3.connectionpool - DEBUG - https://huggingface.co:443 "HEAD /facebook/bart-large-cnn/resolve/main/tokenizer_config.json HTTP/1.1" 404 0
2022-08-22 10:30:29,897 - urllib3.connectionpool - DEBUG - Starting new HTTPS connection (1): huggingface.co:443
2022-08-22 10:30:30,857 - urllib3.connectionpool - DEBUG - https://huggingface.co:443 "HEAD /facebook/bart-large-cnn/resolve/main/config.json HTTP/1.1" 200 0
2022-08-22 10:30:30,948 - root - INFO - Getting transcript links
2022-08-22 10:30:30,948 - root - DEBUG - The number of files to summarize: 1
2022-08-22 10:30:30,948 - root - INFO - Begin file clean up
2022-08-22 10:30:30,976 - root - DEBUG - Length of final text: 51591
2022-08-22 10:30:30,976 - root - DEBUG - Length of cleaned text: 51092
2022-08-22 10:30:30,976 - root - INFO - NOTE: the lengths should have a difference of 501, due to ' '.join
2022-08-22 10:30:30,983 - root - DEBUG - Number of words in text: 903
2022-08-22 10:30:37,394 - root - DEBUG - Number of words in output: 31
2022-08-22 10:30:43,586 - root - DEBUG - Number of words in output: 32
2022-08-22 10:30:49,948 - root - DEBUG - Number of words in output: 28
2022-08-22 10:30:56,264 - root - DEBUG - Number of words in output: 31
2022-08-22 10:31:02,483 - root - DEBUG - Number of words in output: 36
2022-08-22 10:31:08,789 - root - DEBUG - Number of words in output: 36
2022-08-22 10:31:15,231 - root - DEBUG - Number of words in output: 29
2022-08-22 10:31:21,590 - root - DEBUG - Number of words in output: 32
2022-08-22 10:31:28,032 - root - DEBUG - Number of words in output: 27
2022-08-22 10:31:34,416 - root - DEBUG - Number of words in output: 34
2022-08-22 10:31:40,722 - root - DEBUG - Number of words in output: 35
2022-08-22 10:31:45,378 - root - DEBUG - Number of words in output: 35
2022-08-22 10:31:45,378 - root - DEBUG - Number of outputs: 12
